[35m[Appium][39m Welcome to Appium v1.22.3
[35m[Appium][39m Non-default server args:
[35m[Appium][39m   port: 31159
[35m[Appium][39m   loglevel: info
[35m[Appium][39m   tmpDir: C:\Users\MIFX-H~1\AppData\Local\Temp\\Katalon\Appium\Temp1717865547950
[35m[Appium][39m Appium REST http interface listener started on 0.0.0.0:31159
[35m[HTTP][39m [37m-->[39m [37mGET[39m [37m/wd/hub/status[39m
[35m[HTTP][39m [90m{}[39m
[35m[HTTP][39m [37m<-- GET /wd/hub/status [39m[32m200[39m [90m6 ms - 68[39m
[35m[HTTP][39m [90m[39m
[35m[HTTP][39m [37m-->[39m [37mGET[39m [37m/wd/hub/status[39m
[35m[HTTP][39m [90m{}[39m
[35m[HTTP][39m [37m<-- GET /wd/hub/status [39m[32m200[39m [90m1 ms - 68[39m
[35m[HTTP][39m [90m[39m
[35m[HTTP][39m [37m-->[39m [37mPOST[39m [37m/wd/hub/session[39m
[35m[HTTP][39m [90m{"desiredCapabilities":{"appActivity":".Settings","appPackage":"com.android.settings","newCommandTimeout":1800,"platformVersion":"8.1.0","automationName":"uiautomator2","autoGrantPermissions":true,"platformName":"Android","udid":"emulator-5554","deviceName":"emulator-5554 (Android SDK built for x86_64 - Android 8.1.0)","systemPort":8227},"capabilities":{"firstMatch":[{"appium:appActivity":".Settings","appium:appPackage":"com.android.settings","appium:autoGrantPermissions":true,"appium:automationName":"uiautomator2","appium:deviceName":"emulator-5554 (Android SDK built for x86_64 - Android 8.1.0)","appium:newCommandTimeout":1800,"platformName":"android","appium:platformVersion":"8.1.0","appium:systemPort":8227,"appium:udid":"emulator-5554"}]}}[39m
[35m[Appium][39m Appium v1.22.3 creating new AndroidUiautomator2Driver (v1.70.1) session
[35m[BaseDriver][39m Session created with session id: 6516d872-56e8-4a02-b8da-e921a7b2b190
[35m[UiAutomator2][39m Starting 'com.android.settings' directly on the device
[35m[ADB][39m Found 2 'build-tools' folders under 'C:\Users\MIFX-Hardi\tools\Sdk' (newest first):
[35m[ADB][39m     C:/Users/MIFX-Hardi/tools/Sdk/build-tools/35.0.0-rc4
[35m[ADB][39m     C:/Users/MIFX-Hardi/tools/Sdk/build-tools/34.0.0
[35m[ADB][39m Using 'adb.exe' from 'C:\Users\MIFX-Hardi\tools\Sdk\platform-tools\adb.exe'
[35m[AndroidDriver][39m Retrieving device list
[35m[AndroidDriver][39m Using device: emulator-5554
[35m[ADB][39m Using 'adb.exe' from 'C:\Users\MIFX-Hardi\tools\Sdk\platform-tools\adb.exe'
[35m[AndroidDriver][39m No app sent in, not parsing package/activity
[35m[ADB][39m Using 'apksigner.jar' from 'C:\Users\MIFX-Hardi\tools\Sdk\build-tools\35.0.0-rc4\lib\apksigner.jar'
[35m[ADB][39m 'C:\Users\MIFX-Hardi\AppData\Roaming\npm\node_modules\appium\node_modules\appium-uiautomator2-server\apks\appium-uiautomator2-server-v4.27.0.apk' is signed with the default certificate
[35m[ADB][39m 'C:\Users\MIFX-Hardi\AppData\Roaming\npm\node_modules\appium\node_modules\appium-uiautomator2-server\apks\appium-uiautomator2-server-debug-androidTest.apk' is signed with the default certificate
[35m[UiAutomator2][39m Server packages are going to be (re)installed
[35m[UiAutomator2][39m Full packages reinstall is going to be performed
[35m[ADB][39m io.appium.uiautomator2.server was successfully uninstalled
[35m[ADB][39m The application at 'C:\Users\MIFX-Hardi\AppData\Roaming\npm\node_modules\appium\node_modules\appium-uiautomator2-server\apks\appium-uiautomator2-server-v4.27.0.apk' will not be cached, because the device under test has confirmed the support of streamed installs
[35m[ADB][39m The installation of 'appium-uiautomator2-server-v4.27.0.apk' took 1592ms
[35m[ADB][39m io.appium.uiautomator2.server.test was successfully uninstalled
[35m[ADB][39m The application at 'C:\Users\MIFX-Hardi\AppData\Roaming\npm\node_modules\appium\node_modules\appium-uiautomator2-server\apks\appium-uiautomator2-server-debug-androidTest.apk' will not be cached, because the device under test has confirmed the support of streamed installs
[35m[ADB][39m The installation of 'appium-uiautomator2-server-debug-androidTest.apk' took 381ms
[35m[ADB][39m Adding packages ["io.appium.settings","io.appium.uiautomator2.server","io.appium.uiautomator2.server.test"] to Doze whitelist
[35m[UiAutomator2][39m Starting UIAutomator2 server 4.27.0
[35m[UiAutomator2][39m Using UIAutomator2 server from 'C:\Users\MIFX-Hardi\AppData\Roaming\npm\node_modules\appium\node_modules\appium-uiautomator2-server\apks\appium-uiautomator2-server-v4.27.0.apk' and test from 'C:\Users\MIFX-Hardi\AppData\Roaming\npm\node_modules\appium\node_modules\appium-uiautomator2-server\apks\appium-uiautomator2-server-debug-androidTest.apk'
[35m[UiAutomator2][39m Waiting up to 30000ms for UiAutomator2 to be online...
[35m[WD Proxy][39m socket hang up
[35m[WD Proxy][39m socket hang up
[35m[WD Proxy][39m Determined the downstream protocol as 'W3C'
[35m[AndroidDriver][39m Screen already unlocked, doing nothing
[35m[UiAutomator2][39m Starting 'com.android.settings/.Settings and waiting for 'com.android.settings/.Settings'
[35m[Appium][39m New AndroidUiautomator2Driver session created successfully, session 6516d872-56e8-4a02-b8da-e921a7b2b190 added to master session list
[35m[HTTP][39m [37m<-- POST /wd/hub/session [39m[32m200[39m [90m7669 ms - 1148[39m
[35m[HTTP][39m [90m[39m
[35m[HTTP][39m [37m-->[39m [37mGET[39m [37m/wd/hub/session/6516d872-56e8-4a02-b8da-e921a7b2b190[39m
[35m[HTTP][39m [90m{}[39m
[35m[HTTP][39m [37m<-- GET /wd/hub/session/6516d872-56e8-4a02-b8da-e921a7b2b190 [39m[32m200[39m [90m20 ms - 1102[39m
[35m[HTTP][39m [90m[39m
[35m[HTTP][39m [37m-->[39m [37mGET[39m [37m/wd/hub/session/6516d872-56e8-4a02-b8da-e921a7b2b190[39m
[35m[HTTP][39m [90m{}[39m
[35m[HTTP][39m [37m<-- GET /wd/hub/session/6516d872-56e8-4a02-b8da-e921a7b2b190 [39m[32m200[39m [90m22 ms - 1102[39m
[35m[HTTP][39m [90m[39m
[35m[HTTP][39m [37m-->[39m [37mGET[39m [37m/wd/hub/status[39m
[35m[HTTP][39m [90m{}[39m
[35m[HTTP][39m [37m<-- GET /wd/hub/status [39m[32m200[39m [90m1 ms - 68[39m
[35m[HTTP][39m [90m[39m
[35m[HTTP][39m [37m-->[39m [37mPOST[39m [37m/wd/hub/session/6516d872-56e8-4a02-b8da-e921a7b2b190/timeouts[39m
[35m[HTTP][39m [90m{"implicit":60000}[39m
[35m[HTTP][39m [37m<-- POST /wd/hub/session/6516d872-56e8-4a02-b8da-e921a7b2b190/timeouts [39m[32m200[39m [90m4 ms - 14[39m
[35m[HTTP][39m [90m[39m
[35m[HTTP][39m [37m-->[39m [37mGET[39m [37m/wd/hub/session/6516d872-56e8-4a02-b8da-e921a7b2b190/appium/device/system_bars[39m
[35m[HTTP][39m [90m{}[39m
[35m[HTTP][39m [37m<-- GET /wd/hub/session/6516d872-56e8-4a02-b8da-e921a7b2b190/appium/device/system_bars [39m[32m200[39m [90m74 ms - 151[39m
[35m[HTTP][39m [90m[39m
[35m[HTTP][39m [37m-->[39m [37mPOST[39m [37m/wd/hub/session/6516d872-56e8-4a02-b8da-e921a7b2b190/appium/device/activate_app[39m
[35m[HTTP][39m [90m{"bundleId":"com.swaglabsmobileapp"}[39m
[35m[HTTP][39m [37m<-- POST /wd/hub/session/6516d872-56e8-4a02-b8da-e921a7b2b190/appium/device/activate_app [39m[32m200[39m [90m305 ms - 14[39m
[35m[HTTP][39m [90m[39m
[35m[HTTP][39m [37m-->[39m [37mGET[39m [37m/wd/hub/session/6516d872-56e8-4a02-b8da-e921a7b2b190/source[39m
[35m[HTTP][39m [90m{}[39m
[35m[W3C (6516d872)][39m Driver proxy active, passing request on via HTTP proxy
[35m[WD Proxy][39m Replacing sessionId aaa7e800-06f6-42a6-9a88-fef06debc984 with 6516d872-56e8-4a02-b8da-e921a7b2b190
[35m[HTTP][39m [37m<-- GET /wd/hub/session/6516d872-56e8-4a02-b8da-e921a7b2b190/source [39m[32m200[39m [90m1554 ms - 14452[39m
[35m[HTTP][39m [90m[39m
[35m[HTTP][39m [37m-->[39m [37mGET[39m [37m/wd/hub/session/6516d872-56e8-4a02-b8da-e921a7b2b190/screenshot[39m
[35m[HTTP][39m [90m{}[39m
[35m[HTTP][39m [37m<-- GET /wd/hub/session/6516d872-56e8-4a02-b8da-e921a7b2b190/screenshot [39m[32m200[39m [90m386 ms - 528906[39m
[35m[HTTP][39m [90m[39m
[35m[HTTP][39m [37m-->[39m [37mGET[39m [37m/wd/hub/session/6516d872-56e8-4a02-b8da-e921a7b2b190/source[39m
[35m[HTTP][39m [90m{}[39m
[35m[W3C (6516d872)][39m Driver proxy active, passing request on via HTTP proxy
[35m[WD Proxy][39m Replacing sessionId aaa7e800-06f6-42a6-9a88-fef06debc984 with 6516d872-56e8-4a02-b8da-e921a7b2b190
[35m[HTTP][39m [37m<-- GET /wd/hub/session/6516d872-56e8-4a02-b8da-e921a7b2b190/source [39m[32m200[39m [90m345 ms - 14452[39m
[35m[HTTP][39m [90m[39m
[35m[HTTP][39m [37m-->[39m [37mGET[39m [37m/wd/hub/session/6516d872-56e8-4a02-b8da-e921a7b2b190/screenshot[39m
[35m[HTTP][39m [90m{}[39m
[35m[HTTP][39m [37m<-- GET /wd/hub/session/6516d872-56e8-4a02-b8da-e921a7b2b190/screenshot [39m[32m200[39m [90m324 ms - 528454[39m
[35m[HTTP][39m [90m[39m
[35m[HTTP][39m [37m-->[39m [37mGET[39m [37m/wd/hub/session/6516d872-56e8-4a02-b8da-e921a7b2b190/window/rect[39m
[35m[HTTP][39m [90m{}[39m
[35m[HTTP][39m [37m<-- GET /wd/hub/session/6516d872-56e8-4a02-b8da-e921a7b2b190/window/rect [39m[32m200[39m [90m10 ms - 50[39m
[35m[HTTP][39m [90m[39m
[35m[HTTP][39m [37m-->[39m [37mPOST[39m [37m/wd/hub/session/6516d872-56e8-4a02-b8da-e921a7b2b190/elements[39m
[35m[HTTP][39m [90m{"using":"xpath","value":"//*[@class = 'android.widget.EditText' and (@text = 'Username' or . = 'Username')]"}[39m
[35m[HTTP][39m [37m<-- POST /wd/hub/session/6516d872-56e8-4a02-b8da-e921a7b2b190/elements [39m[32m200[39m [90m307 ms - 139[39m
[35m[HTTP][39m [90m[39m
[35m[HTTP][39m [37m-->[39m [37mGET[39m [37m/wd/hub/session/6516d872-56e8-4a02-b8da-e921a7b2b190/element/00000000-0000-0015-ffff-ffff0000005c/location[39m
[35m[HTTP][39m [90m{}[39m
[35m[W3C (6516d872)][39m Driver proxy active, passing request on via HTTP proxy
[35m[WD Proxy][39m Replacing sessionId aaa7e800-06f6-42a6-9a88-fef06debc984 with 6516d872-56e8-4a02-b8da-e921a7b2b190
[35m[HTTP][39m [37m<-- GET /wd/hub/session/6516d872-56e8-4a02-b8da-e921a7b2b190/element/00000000-0000-0015-ffff-ffff0000005c/location [39m[32m200[39m [90m11 ms - 78[39m
[35m[HTTP][39m [90m[39m
[35m[HTTP][39m [37m-->[39m [37mPOST[39m [37m/wd/hub/session/6516d872-56e8-4a02-b8da-e921a7b2b190/element/00000000-0000-0015-ffff-ffff0000005c/clear[39m
[35m[HTTP][39m [90m{"id":"00000000-0000-0015-ffff-ffff0000005c"}[39m
[35m[HTTP][39m [37m<-- POST /wd/hub/session/6516d872-56e8-4a02-b8da-e921a7b2b190/element/00000000-0000-0015-ffff-ffff0000005c/clear [39m[32m200[39m [90m11 ms - 14[39m
[35m[HTTP][39m [90m[39m
[35m[HTTP][39m [37m-->[39m [37mPOST[39m [37m/wd/hub/session/6516d872-56e8-4a02-b8da-e921a7b2b190/element/00000000-0000-0015-ffff-ffff0000005c/click[39m
[35m[HTTP][39m [90m{"id":"00000000-0000-0015-ffff-ffff0000005c"}[39m
[35m[HTTP][39m [37m<-- POST /wd/hub/session/6516d872-56e8-4a02-b8da-e921a7b2b190/element/00000000-0000-0015-ffff-ffff0000005c/click [39m[32m200[39m [90m488 ms - 14[39m
[35m[HTTP][39m [90m[39m
[35m[HTTP][39m [37m-->[39m [37mPOST[39m [37m/wd/hub/session/6516d872-56e8-4a02-b8da-e921a7b2b190/element/00000000-0000-0015-ffff-ffff0000005c/value[39m
[35m[HTTP][39m [90m{"id":"00000000-0000-0015-ffff-ffff0000005c","text":"standard_user","value":["s","t","a","n","d","a","r","d","_","u","s","e","r"]}[39m
[35m[HTTP][39m [37m<-- POST /wd/hub/session/6516d872-56e8-4a02-b8da-e921a7b2b190/element/00000000-0000-0015-ffff-ffff0000005c/value [39m[32m200[39m [90m1640 ms - 14[39m
[35m[HTTP][39m [90m[39m
[35m[HTTP][39m [37m-->[39m [37mGET[39m [37m/wd/hub/session/6516d872-56e8-4a02-b8da-e921a7b2b190/source[39m
[35m[HTTP][39m [90m{}[39m
[35m[W3C (6516d872)][39m Driver proxy active, passing request on via HTTP proxy
[35m[WD Proxy][39m Replacing sessionId aaa7e800-06f6-42a6-9a88-fef06debc984 with 6516d872-56e8-4a02-b8da-e921a7b2b190
[35m[HTTP][39m [37m<-- GET /wd/hub/session/6516d872-56e8-4a02-b8da-e921a7b2b190/source [39m[32m200[39m [90m115 ms - 10745[39m
[35m[HTTP][39m [90m[39m
[35m[HTTP][39m [37m-->[39m [37mGET[39m [37m/wd/hub/session/6516d872-56e8-4a02-b8da-e921a7b2b190/screenshot[39m
[35m[HTTP][39m [90m{}[39m
[35m[HTTP][39m [37m<-- GET /wd/hub/session/6516d872-56e8-4a02-b8da-e921a7b2b190/screenshot [39m[32m200[39m [90m330 ms - 438714[39m
[35m[HTTP][39m [90m[39m
[35m[HTTP][39m [37m-->[39m [37mGET[39m [37m/wd/hub/session/6516d872-56e8-4a02-b8da-e921a7b2b190/window/rect[39m
[35m[HTTP][39m [90m{}[39m
[35m[HTTP][39m [37m<-- GET /wd/hub/session/6516d872-56e8-4a02-b8da-e921a7b2b190/window/rect [39m[32m200[39m [90m10 ms - 50[39m
[35m[HTTP][39m [90m[39m
[35m[HTTP][39m [37m-->[39m [37mPOST[39m [37m/wd/hub/session/6516d872-56e8-4a02-b8da-e921a7b2b190/elements[39m
[35m[HTTP][39m [90m{"using":"xpath","value":"//*[@class = 'android.widget.EditText' and (@text = 'Password' or . = 'Password')]"}[39m
[35m[HTTP][39m [37m<-- POST /wd/hub/session/6516d872-56e8-4a02-b8da-e921a7b2b190/elements [39m[32m200[39m [90m60 ms - 139[39m
[35m[HTTP][39m [90m[39m
[35m[HTTP][39m [37m-->[39m [37mGET[39m [37m/wd/hub/session/6516d872-56e8-4a02-b8da-e921a7b2b190/element/00000000-0000-0015-ffff-ffff0000005d/location[39m
[35m[HTTP][39m [90m{}[39m
[35m[W3C (6516d872)][39m Driver proxy active, passing request on via HTTP proxy
[35m[WD Proxy][39m Replacing sessionId aaa7e800-06f6-42a6-9a88-fef06debc984 with 6516d872-56e8-4a02-b8da-e921a7b2b190
[35m[HTTP][39m [37m<-- GET /wd/hub/session/6516d872-56e8-4a02-b8da-e921a7b2b190/element/00000000-0000-0015-ffff-ffff0000005d/location [39m[32m200[39m [90m10 ms - 78[39m
[35m[HTTP][39m [90m[39m
[35m[HTTP][39m [37m-->[39m [37mPOST[39m [37m/wd/hub/session/6516d872-56e8-4a02-b8da-e921a7b2b190/element/00000000-0000-0015-ffff-ffff0000005d/clear[39m
[35m[HTTP][39m [90m{"id":"00000000-0000-0015-ffff-ffff0000005d"}[39m
[35m[HTTP][39m [37m<-- POST /wd/hub/session/6516d872-56e8-4a02-b8da-e921a7b2b190/element/00000000-0000-0015-ffff-ffff0000005d/clear [39m[32m200[39m [90m18 ms - 14[39m
[35m[HTTP][39m [90m[39m
[35m[HTTP][39m [37m-->[39m [37mPOST[39m [37m/wd/hub/session/6516d872-56e8-4a02-b8da-e921a7b2b190/element/00000000-0000-0015-ffff-ffff0000005d/click[39m
[35m[HTTP][39m [90m{"id":"00000000-0000-0015-ffff-ffff0000005d"}[39m
[35m[HTTP][39m [37m<-- POST /wd/hub/session/6516d872-56e8-4a02-b8da-e921a7b2b190/element/00000000-0000-0015-ffff-ffff0000005d/click [39m[32m200[39m [90m503 ms - 14[39m
[35m[HTTP][39m [90m[39m
[35m[HTTP][39m [37m-->[39m [37mPOST[39m [37m/wd/hub/session/6516d872-56e8-4a02-b8da-e921a7b2b190/element/00000000-0000-0015-ffff-ffff0000005d/value[39m
[35m[HTTP][39m [90m{"id":"00000000-0000-0015-ffff-ffff0000005d","text":"secret_user","value":["s","e","c","r","e","t","_","u","s","e","r"]}[39m
[35m[HTTP][39m [37m<-- POST /wd/hub/session/6516d872-56e8-4a02-b8da-e921a7b2b190/element/00000000-0000-0015-ffff-ffff0000005d/value [39m[32m200[39m [90m1193 ms - 14[39m
[35m[HTTP][39m [90m[39m
[35m[HTTP][39m [37m-->[39m [37mGET[39m [37m/wd/hub/session/6516d872-56e8-4a02-b8da-e921a7b2b190/source[39m
[35m[HTTP][39m [90m{}[39m
[35m[W3C (6516d872)][39m Driver proxy active, passing request on via HTTP proxy
[35m[WD Proxy][39m Replacing sessionId aaa7e800-06f6-42a6-9a88-fef06debc984 with 6516d872-56e8-4a02-b8da-e921a7b2b190
[35m[HTTP][39m [37m<-- GET /wd/hub/session/6516d872-56e8-4a02-b8da-e921a7b2b190/source [39m[32m200[39m [90m55 ms - 10770[39m
[35m[HTTP][39m [90m[39m
[35m[HTTP][39m [37m-->[39m [37mGET[39m [37m/wd/hub/session/6516d872-56e8-4a02-b8da-e921a7b2b190/screenshot[39m
[35m[HTTP][39m [90m{}[39m
[35m[HTTP][39m [37m<-- GET /wd/hub/session/6516d872-56e8-4a02-b8da-e921a7b2b190/screenshot [39m[32m200[39m [90m295 ms - 460898[39m
[35m[HTTP][39m [90m[39m
[35m[HTTP][39m [37m-->[39m [37mGET[39m [37m/wd/hub/session/6516d872-56e8-4a02-b8da-e921a7b2b190/window/rect[39m
[35m[HTTP][39m [90m{}[39m
[35m[HTTP][39m [37m<-- GET /wd/hub/session/6516d872-56e8-4a02-b8da-e921a7b2b190/window/rect [39m[32m200[39m [90m7 ms - 50[39m
[35m[HTTP][39m [90m[39m
[35m[HTTP][39m [37m-->[39m [37mPOST[39m [37m/wd/hub/session/6516d872-56e8-4a02-b8da-e921a7b2b190/elements[39m
[35m[HTTP][39m [90m{"using":"xpath","value":"//*[@class = 'android.view.ViewGroup' and (@text = '' or . = '')]"}[39m
[35m[HTTP][39m [37m<-- POST /wd/hub/session/6516d872-56e8-4a02-b8da-e921a7b2b190/elements [39m[32m200[39m [90m44 ms - 1547[39m
[35m[HTTP][39m [90m[39m
[35m[HTTP][39m [37m-->[39m [37mGET[39m [37m/wd/hub/session/6516d872-56e8-4a02-b8da-e921a7b2b190/element/00000000-0000-0015-ffff-ffff00000048/location[39m
[35m[HTTP][39m [90m{}[39m
[35m[W3C (6516d872)][39m Driver proxy active, passing request on via HTTP proxy
[35m[WD Proxy][39m Replacing sessionId aaa7e800-06f6-42a6-9a88-fef06debc984 with 6516d872-56e8-4a02-b8da-e921a7b2b190
[35m[HTTP][39m [37m<-- GET /wd/hub/session/6516d872-56e8-4a02-b8da-e921a7b2b190/element/00000000-0000-0015-ffff-ffff00000048/location [39m[32m200[39m [90m8 ms - 75[39m
[35m[HTTP][39m [90m[39m
[35m[HTTP][39m [37m-->[39m [37mPOST[39m [37m/wd/hub/session/6516d872-56e8-4a02-b8da-e921a7b2b190/element/00000000-0000-0015-ffff-ffff00000048/click[39m
[35m[HTTP][39m [90m{"id":"00000000-0000-0015-ffff-ffff00000048"}[39m
[35m[HTTP][39m [37m<-- POST /wd/hub/session/6516d872-56e8-4a02-b8da-e921a7b2b190/element/00000000-0000-0015-ffff-ffff00000048/click [39m[32m200[39m [90m12 ms - 14[39m
[35m[HTTP][39m [90m[39m
[35m[HTTP][39m [37m-->[39m [37mGET[39m [37m/wd/hub/session/6516d872-56e8-4a02-b8da-e921a7b2b190/source[39m
[35m[HTTP][39m [90m{}[39m
[35m[W3C (6516d872)][39m Driver proxy active, passing request on via HTTP proxy
[35m[WD Proxy][39m Replacing sessionId aaa7e800-06f6-42a6-9a88-fef06debc984 with 6516d872-56e8-4a02-b8da-e921a7b2b190
[35m[HTTP][39m [37m<-- GET /wd/hub/session/6516d872-56e8-4a02-b8da-e921a7b2b190/source [39m[32m200[39m [90m141 ms - 14482[39m
[35m[HTTP][39m [90m[39m
[35m[HTTP][39m [37m-->[39m [37mGET[39m [37m/wd/hub/session/6516d872-56e8-4a02-b8da-e921a7b2b190/screenshot[39m
[35m[HTTP][39m [90m{}[39m
[35m[HTTP][39m [37m<-- GET /wd/hub/session/6516d872-56e8-4a02-b8da-e921a7b2b190/screenshot [39m[32m200[39m [90m269 ms - 519452[39m
[35m[HTTP][39m [90m[39m
[35m[HTTP][39m [37m-->[39m [37mGET[39m [37m/wd/hub/session/6516d872-56e8-4a02-b8da-e921a7b2b190/window/rect[39m
[35m[HTTP][39m [90m{}[39m
[35m[HTTP][39m [37m<-- GET /wd/hub/session/6516d872-56e8-4a02-b8da-e921a7b2b190/window/rect [39m[32m200[39m [90m9 ms - 50[39m
[35m[HTTP][39m [90m[39m
[35m[HTTP][39m [37m-->[39m [37mPOST[39m [37m/wd/hub/session/6516d872-56e8-4a02-b8da-e921a7b2b190/elements[39m
[35m[HTTP][39m [90m{"using":"xpath","value":"//*[@class = 'android.widget.EditText' and (@text = '•••••••••••' or . = '•••••••••••')]"}[39m
[35m[HTTP][39m [37m<-- POST /wd/hub/session/6516d872-56e8-4a02-b8da-e921a7b2b190/elements [39m[32m200[39m [90m61 ms - 139[39m
[35m[HTTP][39m [90m[39m
[35m[HTTP][39m [37m-->[39m [37mGET[39m [37m/wd/hub/session/6516d872-56e8-4a02-b8da-e921a7b2b190/element/00000000-0000-0015-ffff-ffff0000005d/location[39m
[35m[HTTP][39m [90m{}[39m
[35m[W3C (6516d872)][39m Driver proxy active, passing request on via HTTP proxy
[35m[WD Proxy][39m Replacing sessionId aaa7e800-06f6-42a6-9a88-fef06debc984 with 6516d872-56e8-4a02-b8da-e921a7b2b190
[35m[HTTP][39m [37m<-- GET /wd/hub/session/6516d872-56e8-4a02-b8da-e921a7b2b190/element/00000000-0000-0015-ffff-ffff0000005d/location [39m[32m200[39m [90m9 ms - 78[39m
[35m[HTTP][39m [90m[39m
[35m[HTTP][39m [37m-->[39m [37mPOST[39m [37m/wd/hub/session/6516d872-56e8-4a02-b8da-e921a7b2b190/element/00000000-0000-0015-ffff-ffff0000005d/clear[39m
[35m[HTTP][39m [90m{"id":"00000000-0000-0015-ffff-ffff0000005d"}[39m
[35m[HTTP][39m [37m<-- POST /wd/hub/session/6516d872-56e8-4a02-b8da-e921a7b2b190/element/00000000-0000-0015-ffff-ffff0000005d/clear [39m[32m200[39m [90m10 ms - 14[39m
[35m[HTTP][39m [90m[39m
[35m[HTTP][39m [37m-->[39m [37mPOST[39m [37m/wd/hub/session/6516d872-56e8-4a02-b8da-e921a7b2b190/element/00000000-0000-0015-ffff-ffff0000005d/click[39m
[35m[HTTP][39m [90m{"id":"00000000-0000-0015-ffff-ffff0000005d"}[39m
[35m[HTTP][39m [37m<-- POST /wd/hub/session/6516d872-56e8-4a02-b8da-e921a7b2b190/element/00000000-0000-0015-ffff-ffff0000005d/click [39m[32m200[39m [90m506 ms - 14[39m
[35m[HTTP][39m [90m[39m
[35m[HTTP][39m [37m-->[39m [37mPOST[39m [37m/wd/hub/session/6516d872-56e8-4a02-b8da-e921a7b2b190/element/00000000-0000-0015-ffff-ffff0000005d/value[39m
[35m[HTTP][39m [90m{"id":"00000000-0000-0015-ffff-ffff0000005d","text":"secret_sauce","value":["s","e","c","r","e","t","_","s","a","u","c","e"]}[39m
[35m[HTTP][39m [37m<-- POST /wd/hub/session/6516d872-56e8-4a02-b8da-e921a7b2b190/element/00000000-0000-0015-ffff-ffff0000005d/value [39m[32m200[39m [90m1466 ms - 14[39m
[35m[HTTP][39m [90m[39m
[35m[HTTP][39m [37m-->[39m [37mGET[39m [37m/wd/hub/session/6516d872-56e8-4a02-b8da-e921a7b2b190/source[39m
[35m[HTTP][39m [90m{}[39m
[35m[W3C (6516d872)][39m Driver proxy active, passing request on via HTTP proxy
[35m[WD Proxy][39m Replacing sessionId aaa7e800-06f6-42a6-9a88-fef06debc984 with 6516d872-56e8-4a02-b8da-e921a7b2b190
[35m[HTTP][39m [37m<-- GET /wd/hub/session/6516d872-56e8-4a02-b8da-e921a7b2b190/source [39m[32m200[39m [90m60 ms - 13475[39m
[35m[HTTP][39m [90m[39m
[35m[HTTP][39m [37m-->[39m [37mGET[39m [37m/wd/hub/session/6516d872-56e8-4a02-b8da-e921a7b2b190/screenshot[39m
[35m[HTTP][39m [90m{}[39m
[35m[HTTP][39m [37m<-- GET /wd/hub/session/6516d872-56e8-4a02-b8da-e921a7b2b190/screenshot [39m[32m200[39m [90m293 ms - 444608[39m
[35m[HTTP][39m [90m[39m
[35m[HTTP][39m [37m-->[39m [37mGET[39m [37m/wd/hub/session/6516d872-56e8-4a02-b8da-e921a7b2b190/source[39m
[35m[HTTP][39m [90m{}[39m
[35m[W3C (6516d872)][39m Driver proxy active, passing request on via HTTP proxy
[35m[WD Proxy][39m Replacing sessionId aaa7e800-06f6-42a6-9a88-fef06debc984 with 6516d872-56e8-4a02-b8da-e921a7b2b190
[35m[HTTP][39m [37m<-- GET /wd/hub/session/6516d872-56e8-4a02-b8da-e921a7b2b190/source [39m[32m200[39m [90m102 ms - 29693[39m
[35m[HTTP][39m [90m[39m
[35m[HTTP][39m [37m-->[39m [37mGET[39m [37m/wd/hub/session/6516d872-56e8-4a02-b8da-e921a7b2b190/screenshot[39m
[35m[HTTP][39m [90m{}[39m
[35m[HTTP][39m [37m<-- GET /wd/hub/session/6516d872-56e8-4a02-b8da-e921a7b2b190/screenshot [39m[32m200[39m [90m616 ms - 2731626[39m
[35m[HTTP][39m [90m[39m
[35m[HTTP][39m [37m-->[39m [37mGET[39m [37m/wd/hub/session/6516d872-56e8-4a02-b8da-e921a7b2b190/source[39m
[35m[HTTP][39m [90m{}[39m
[35m[W3C (6516d872)][39m Driver proxy active, passing request on via HTTP proxy
[35m[WD Proxy][39m Replacing sessionId aaa7e800-06f6-42a6-9a88-fef06debc984 with 6516d872-56e8-4a02-b8da-e921a7b2b190
[35m[HTTP][39m [37m<-- GET /wd/hub/session/6516d872-56e8-4a02-b8da-e921a7b2b190/source [39m[32m200[39m [90m103 ms - 29693[39m
[35m[HTTP][39m [90m[39m
[35m[HTTP][39m [37m-->[39m [37mGET[39m [37m/wd/hub/session/6516d872-56e8-4a02-b8da-e921a7b2b190/screenshot[39m
[35m[HTTP][39m [90m{}[39m
[35m[HTTP][39m [37m<-- GET /wd/hub/session/6516d872-56e8-4a02-b8da-e921a7b2b190/screenshot [39m[32m200[39m [90m616 ms - 2732656[39m
[35m[HTTP][39m [90m[39m
[35m[HTTP][39m [37m-->[39m [37mGET[39m [37m/wd/hub/session/6516d872-56e8-4a02-b8da-e921a7b2b190/source[39m
[35m[HTTP][39m [90m{}[39m
[35m[W3C (6516d872)][39m Driver proxy active, passing request on via HTTP proxy
[35m[WD Proxy][39m Replacing sessionId aaa7e800-06f6-42a6-9a88-fef06debc984 with 6516d872-56e8-4a02-b8da-e921a7b2b190
[35m[HTTP][39m [37m<-- GET /wd/hub/session/6516d872-56e8-4a02-b8da-e921a7b2b190/source [39m[32m200[39m [90m172 ms - 29693[39m
[35m[HTTP][39m [90m[39m
[35m[HTTP][39m [37m-->[39m [37mGET[39m [37m/wd/hub/session/6516d872-56e8-4a02-b8da-e921a7b2b190/screenshot[39m
[35m[HTTP][39m [90m{}[39m
[35m[HTTP][39m [37m<-- GET /wd/hub/session/6516d872-56e8-4a02-b8da-e921a7b2b190/screenshot [39m[32m200[39m [90m614 ms - 2732164[39m
[35m[HTTP][39m [90m[39m
[35m[HTTP][39m [37m-->[39m [37mDELETE[39m [37m/wd/hub/session/6516d872-56e8-4a02-b8da-e921a7b2b190[39m
[35m[HTTP][39m [90m{}[39m
[35m[Appium][39m Removing session 6516d872-56e8-4a02-b8da-e921a7b2b190 from our master session list
[35m[HTTP][39m [37m<-- DELETE /wd/hub/session/6516d872-56e8-4a02-b8da-e921a7b2b190 [39m[32m200[39m [90m69 ms - 14[39m
[35m[HTTP][39m [90m[39m
